<?xml version="1.0" encoding="UTF-8"?>
<testsuite xmlns:xsi="http://www.w3.org/2001/XMLSchema-instance" xsi:schemaLocation="https://maven.apache.org/surefire/maven-surefire-plugin/xsd/surefire-test-report.xsd" name="com.solacesystems.ha.ClusterFunctionalTest" time="0.169" tests="2" errors="2" skipped="0" failures="0">
  <properties>
[...]
</properties>
  <testcase name="theTest" classname="com.solacesystems.ha.ClusterFunctionalTest" time="0.149">
    <error message="no solclient_jni in java.library.path" type="java.lang.UnsatisfiedLinkError">java.lang.UnsatisfiedLinkError: no solclient_jni in java.library.path
	at com.solacesystems.ha.ClusterFunctionalTest.createAndStartInstance(ClusterFunctionalTest.java:17)
	at com.solacesystems.ha.ClusterFunctionalTest.setup(ClusterFunctionalTest.java:35)
</error>
    <system-out><![CDATA[10:44:22,266 |-INFO in ch.qos.logback.classic.LoggerContext[default] - Could NOT find resource [logback-test.xml]
10:44:22,266 |-INFO in ch.qos.logback.classic.LoggerContext[default] - Could NOT find resource [logback.groovy]
10:44:22,266 |-INFO in ch.qos.logback.classic.LoggerContext[default] - Found resource [logback.xml] at [file:/Users/koverton/github/solace-ha-demo/solace-ha/target/classes/logback.xml]
10:44:22,318 |-INFO in ch.qos.logback.classic.joran.action.ConfigurationAction - debug attribute not set
10:44:22,319 |-INFO in ch.qos.logback.core.joran.action.AppenderAction - About to instantiate appender of type [ch.qos.logback.core.FileAppender]
10:44:22,324 |-INFO in ch.qos.logback.core.joran.action.AppenderAction - Naming appender as [fileAppender]
10:44:22,330 |-INFO in ch.qos.logback.core.joran.action.NestedComplexPropertyIA - Assuming default type [ch.qos.logback.classic.encoder.PatternLayoutEncoder] for [encoder] property
10:44:22,359 |-INFO in ch.qos.logback.core.FileAppender[fileAppender] - File property is set to [matcher.log]
10:44:22,360 |-INFO in ch.qos.logback.core.joran.action.AppenderAction - About to instantiate appender of type [ch.qos.logback.core.ConsoleAppender]
10:44:22,361 |-INFO in ch.qos.logback.core.joran.action.AppenderAction - Naming appender as [console]
10:44:22,362 |-WARN in ch.qos.logback.core.ConsoleAppender[console] - This appender no longer admits a layout as a sub-component, set an encoder instead.
10:44:22,362 |-WARN in ch.qos.logback.core.ConsoleAppender[console] - To ensure compatibility, wrapping your layout in LayoutWrappingEncoder.
10:44:22,362 |-WARN in ch.qos.logback.core.ConsoleAppender[console] - See also http://logback.qos.ch/codes.html#layoutInsteadOfEncoder for details
10:44:22,363 |-INFO in ch.qos.logback.classic.joran.action.RootLoggerAction - Setting level of ROOT logger to INFO
10:44:22,363 |-INFO in ch.qos.logback.core.joran.action.AppenderRefAction - Attaching appender named [console] to Logger[ROOT]
10:44:22,363 |-INFO in ch.qos.logback.classic.joran.action.ConfigurationAction - End of configuration.
10:44:22,363 |-INFO in ch.qos.logback.classic.joran.JoranConfigurator@7c16905e - Registering current configuration as safe fallback point

]]></system-out>
    <system-err><![CDATA[Jan 14, 2020 10:44:22 AM com.solacesystems.solclientj.core.impl.util.SolLogger critical
SEVERE: solclient_jni failed to load : no solclient_jni in java.library.path
java.lang.UnsatisfiedLinkError: no solclient_jni in java.library.path
	at java.lang.ClassLoader.loadLibrary(ClassLoader.java:1860)
	at java.lang.Runtime.loadLibrary0(Runtime.java:870)
	at java.lang.System.loadLibrary(System.java:1122)
	at com.solacesystems.solclientj.core.Solclient.<clinit>(Unknown Source)
	at com.solacesystems.ha.conn.SolaceConnector.<init>(SolaceConnector.java:22)
	at com.solacesystems.ha.model.ClusterConnector.<init>(ClusterConnector.java:48)
	at com.solacesystems.ha.TestHAApplication.<init>(TestHAApplication.java:43)
	at com.solacesystems.ha.ClusterFunctionalTest.createAndStartInstance(ClusterFunctionalTest.java:17)
	at com.solacesystems.ha.ClusterFunctionalTest.setup(ClusterFunctionalTest.java:35)
	at sun.reflect.NativeMethodAccessorImpl.invoke0(Native Method)
	at sun.reflect.NativeMethodAccessorImpl.invoke(NativeMethodAccessorImpl.java:62)
	at sun.reflect.DelegatingMethodAccessorImpl.invoke(DelegatingMethodAccessorImpl.java:43)
	at java.lang.reflect.Method.invoke(Method.java:498)
	at org.junit.runners.model.FrameworkMethod$1.runReflectiveCall(FrameworkMethod.java:45)
	at org.junit.internal.runners.model.ReflectiveCallable.run(ReflectiveCallable.java:15)
	at org.junit.runners.model.FrameworkMethod.invokeExplosively(FrameworkMethod.java:42)
	at org.junit.internal.runners.statements.RunBefores.evaluate(RunBefores.java:27)
	at org.junit.internal.runners.statements.RunAfters.evaluate(RunAfters.java:30)
	at org.junit.runners.ParentRunner.runLeaf(ParentRunner.java:263)
	at org.junit.runners.BlockJUnit4ClassRunner.runChild(BlockJUnit4ClassRunner.java:68)
	at org.junit.runners.BlockJUnit4ClassRunner.runChild(BlockJUnit4ClassRunner.java:47)
	at org.junit.runners.ParentRunner$3.run(ParentRunner.java:231)
	at org.junit.runners.ParentRunner$1.schedule(ParentRunner.java:60)
	at org.junit.runners.ParentRunner.runChildren(ParentRunner.java:229)
	at org.junit.runners.ParentRunner.access$000(ParentRunner.java:50)
	at org.junit.runners.ParentRunner$2.evaluate(ParentRunner.java:222)
	at org.junit.runners.ParentRunner.run(ParentRunner.java:300)
	at org.apache.maven.surefire.junit4.JUnit4Provider.execute(JUnit4Provider.java:367)
	at org.apache.maven.surefire.junit4.JUnit4Provider.executeWithRerun(JUnit4Provider.java:274)
	at org.apache.maven.surefire.junit4.JUnit4Provider.executeTestSet(JUnit4Provider.java:238)
	at org.apache.maven.surefire.junit4.JUnit4Provider.invoke(JUnit4Provider.java:161)
	at org.apache.maven.surefire.booter.ForkedBooter.invokeProviderInSameClassLoader(ForkedBooter.java:290)
	at org.apache.maven.surefire.booter.ForkedBooter.runSuitesInProcess(ForkedBooter.java:242)
	at org.apache.maven.surefire.booter.ForkedBooter.main(ForkedBooter.java:121)

]]></system-err>
  </testcase>
  <testcase name="theTest" classname="com.solacesystems.ha.ClusterFunctionalTest" time="0.149">
    <error type="java.lang.NullPointerException">java.lang.NullPointerException
	at com.solacesystems.ha.ClusterFunctionalTest.tearDown(ClusterFunctionalTest.java:97)
</error>
  </testcase>
</testsuite>